# JRE version: Java(TM) SE Runtime Environment (8.0_60-b27) (build 1.8.0_60-b27)
# Java VM: Java HotSpot(TM) 64-Bit Server VM (25.60-b23 mixed mode windows-amd64 compressed oops)
Heap:
 PSYoungGen      total 874496K, used 127011K [0x0000000780000000, 0x00000007b7c00000, 0x00000007c0000000)
  eden space 839680K, 12% used [0x0000000780000000,0x0000000786a81510,0x00000007b3400000)
  from space 34816K, 51% used [0x00000007b3400000,0x00000007b45879a8,0x00000007b5600000)
  to   space 30720K, 0% used [0x00000007b5600000,0x00000007b5600000,0x00000007b7400000)
 ParOldGen       total 89088K, used 88837K [0x0000000700000000, 0x0000000705700000, 0x0000000780000000)
  object space 89088K, 99% used [0x0000000700000000,0x00000007056c14c0,0x0000000705700000)
 Metaspace       used 9634K, capacity 9712K, committed 9856K, reserved 1058816K
  class space    used 1330K, capacity 1362K, committed 1408K, reserved 1048576K
GC Heap History (10 events):
Event: 7.668 GC heap before
{Heap before GC invocations=8 (full 0):
 PSYoungGen      total 281600K, used 280944K [0x0000000780000000, 0x00000007a2900000, 0x00000007c0000000)
  eden space 266240K, 100% used [0x0000000780000000,0x0000000790400000,0x0000000790400000)
  from space 15360K, 95% used [0x0000000790400000,0x000000079125c2c0,0x0000000791300000)
  to   space 16896K, 0% used [0x00000007a1880000,0x00000007a1880000,0x00000007a2900000)
 ParOldGen       total 87552K, used 26661K [0x0000000700000000, 0x0000000705580000, 0x0000000780000000)
  object space 87552K, 30% used [0x0000000700000000,0x0000000701a09680,0x0000000705580000)
 Metaspace       used 9629K, capacity 9712K, committed 9856K, reserved 1058816K
  class space    used 1329K, capacity 1362K, committed 1408K, reserved 1048576K
Event: 7.699 GC heap after
Heap after GC invocations=8 (full 0):
 PSYoungGen      total 544256K, used 16880K [0x0000000780000000, 0x00000007a3300000, 0x00000007c0000000)
  eden space 527360K, 0% used [0x0000000780000000,0x0000000780000000,0x00000007a0300000)
  from space 16896K, 99% used [0x00000007a1880000,0x00000007a28fc2c0,0x00000007a2900000)
  to   space 22016K, 0% used [0x00000007a0300000,0x00000007a0300000,0x00000007a1880000)
 ParOldGen       total 87552K, used 33772K [0x0000000700000000, 0x0000000705580000, 0x0000000780000000)
  object space 87552K, 38% used [0x0000000700000000,0x00000007020fb208,0x0000000705580000)
 Metaspace       used 9629K, capacity 9712K, committed 9856K, reserved 1058816K
  class space    used 1329K, capacity 1362K, committed 1408K, reserved 1048576K
}
Event: 10.394 GC heap before
{Heap before GC invocations=9 (full 0):
 PSYoungGen      total 544256K, used 544240K [0x0000000780000000, 0x00000007a3300000, 0x00000007c0000000)
  eden space 527360K, 100% used [0x0000000780000000,0x00000007a0300000,0x00000007a0300000)
  from space 16896K, 99% used [0x00000007a1880000,0x00000007a28fc2c0,0x00000007a2900000)
  to   space 22016K, 0% used [0x00000007a0300000,0x00000007a0300000,0x00000007a1880000)
 ParOldGen       total 87552K, used 33772K [0x0000000700000000, 0x0000000705580000, 0x0000000780000000)
  object space 87552K, 38% used [0x0000000700000000,0x00000007020fb208,0x0000000705580000)
 Metaspace       used 9629K, capacity 9712K, committed 9856K, reserved 1058816K
  class space    used 1329K, capacity 1362K, committed 1408K, reserved 1048576K
Event: 10.458 GC heap after
Heap after GC invocations=9 (full 0):
 PSYoungGen      total 549376K, used 21996K [0x0000000780000000, 0x00000007b7400000, 0x00000007c0000000)
  eden space 527360K, 0% used [0x0000000780000000,0x0000000780000000,0x00000007a0300000)
  from space 22016K, 99% used [0x00000007a0300000,0x00000007a187b2e0,0x00000007a1880000)
  to   space 30720K, 0% used [0x00000007b5600000,0x00000007b5600000,0x00000007b7400000)
 ParOldGen       total 87552K, used 47490K [0x0000000700000000, 0x0000000705580000, 0x0000000780000000)
  object space 87552K, 54% used [0x0000000700000000,0x0000000702e608a0,0x0000000705580000)
 Metaspace       used 9629K, capacity 9712K, committed 9856K, reserved 1058816K
  class space    used 1329K, capacity 1362K, committed 1408K, reserved 1048576K
}
Event: 12.862 GC heap before
{Heap before GC invocations=10 (full 0):
 PSYoungGen      total 549376K, used 549356K [0x0000000780000000, 0x00000007b7400000, 0x00000007c0000000)
  eden space 527360K, 100% used [0x0000000780000000,0x00000007a0300000,0x00000007a0300000)
  from space 22016K, 99% used [0x00000007a0300000,0x00000007a187b2e0,0x00000007a1880000)
  to   space 30720K, 0% used [0x00000007b5600000,0x00000007b5600000,0x00000007b7400000)
 ParOldGen       total 87552K, used 47490K [0x0000000700000000, 0x0000000705580000, 0x0000000780000000)
  object space 87552K, 54% used [0x0000000700000000,0x0000000702e608a0,0x0000000705580000)
 Metaspace       used 9630K, capacity 9712K, committed 9856K, reserved 1058816K
  class space    used 1329K, capacity 1362K, committed 1408K, reserved 1048576K
Event: 12.950 GC heap after
Heap after GC invocations=10 (full 0):
 PSYoungGen      total 870400K, used 30008K [0x0000000780000000, 0x00000007b7c00000, 0x00000007c0000000)
  eden space 839680K, 0% used [0x0000000780000000,0x0000000780000000,0x00000007b3400000)
  from space 30720K, 97% used [0x00000007b5600000,0x00000007b734e3c8,0x00000007b7400000)
  to   space 34816K, 0% used [0x00000007b3400000,0x00000007b3400000,0x00000007b5600000)
 ParOldGen       total 87552K, used 58228K [0x0000000700000000, 0x0000000705580000, 0x0000000780000000)
  object space 87552K, 66% used [0x0000000700000000,0x00000007038dd2c0,0x0000000705580000)
 Metaspace       used 9630K, capacity 9712K, committed 9856K, reserved 1058816K
  class space    used 1329K, capacity 1362K, committed 1408K, reserved 1048576K
}
Event: 16.753 GC heap before
{Heap before GC invocations=11 (full 0):
 PSYoungGen      total 870400K, used 869688K [0x0000000780000000, 0x00000007b7c00000, 0x00000007c0000000)
  eden space 839680K, 100% used [0x0000000780000000,0x00000007b3400000,0x00000007b3400000)
  from space 30720K, 97% used [0x00000007b5600000,0x00000007b734e3c8,0x00000007b7400000)
  to   space 34816K, 0% used [0x00000007b3400000,0x00000007b3400000,0x00000007b5600000)
 ParOldGen       total 87552K, used 58228K [0x0000000700000000, 0x0000000705580000, 0x0000000780000000)
  object space 87552K, 66% used [0x0000000700000000,0x00000007038dd2c0,0x0000000705580000)
 Metaspace       used 9633K, capacity 9712K, committed 9856K, reserved 1058816K
  class space    used 1330K, capacity 1362K, committed 1408K, reserved 1048576K
Event: 16.875 GC heap after
Heap after GC invocations=11 (full 0):
 PSYoungGen      total 874496K, used 28473K [0x0000000780000000, 0x00000007b7c00000, 0x00000007c0000000)
  eden space 839680K, 0% used [0x0000000780000000,0x0000000780000000,0x00000007b3400000)
  from space 34816K, 81% used [0x00000007b3400000,0x00000007b4fce4b0,0x00000007b5600000)
  to   space 30720K, 0% used [0x00000007b5600000,0x00000007b5600000,0x00000007b7400000)
 ParOldGen       total 89088K, used 88654K [0x0000000700000000, 0x0000000705700000, 0x0000000780000000)
  object space 89088K, 99% used [0x0000000700000000,0x0000000705693970,0x0000000705700000)
 Metaspace       used 9633K, capacity 9712K, committed 9856K, reserved 1058816K
  class space    used 1330K, capacity 1362K, committed 1408K, reserved 1048576K
}
Event: 16.875 GC heap before
{Heap before GC invocations=12 (full 1):
 PSYoungGen      total 874496K, used 28473K [0x0000000780000000, 0x00000007b7c00000, 0x00000007c0000000)
  eden space 839680K, 0% used [0x0000000780000000,0x0000000780000000,0x00000007b3400000)
  from space 34816K, 81% used [0x00000007b3400000,0x00000007b4fce4b0,0x00000007b5600000)
  to   space 30720K, 0% used [0x00000007b5600000,0x00000007b5600000,0x00000007b7400000)
 ParOldGen       total 89088K, used 88654K [0x0000000700000000, 0x0000000705700000, 0x0000000780000000)
  object space 89088K, 99% used [0x0000000700000000,0x0000000705693970,0x0000000705700000)
 Metaspace       used 9633K, capacity 9712K, committed 9856K, reserved 1058816K
  class space    used 1330K, capacity 1362K, committed 1408K, reserved 1048576K
Event: 17.582 GC heap after
Heap after GC invocations=12 (full 1):
 PSYoungGen      total 874496K, used 17950K [0x0000000780000000, 0x00000007b7c00000, 0x00000007c0000000)
  eden space 839680K, 0% used [0x0000000780000000,0x0000000780000000,0x00000007b3400000)
  from space 34816K, 51% used [0x00000007b3400000,0x00000007b45879a8,0x00000007b5600000)
  to   space 30720K, 0% used [0x00000007b5600000,0x00000007b5600000,0x00000007b7400000)
 ParOldGen       total 89088K, used 88837K [0x0000000700000000, 0x0000000705700000, 0x0000000780000000)
  object space 89088K, 99% used [0x0000000700000000,0x00000007056c14c0,0x0000000705700000)
 Metaspace       used 9633K, capacity 9712K, committed 9856K, reserved 1058816K
  class space    used 1330K, capacity 1362K, committed 1408K, reserved 1048576K
}

